<?xml version="1.0" encoding="UTF-8"?>
<!-- Generated by org.testng.reporters.JUnitReportReporter -->
<testsuite hostname="DESKTOP-CAHMHLK" failures="0" tests="3" name="TestCase1.Ecommerce" time="13.640" errors="0" timestamp="2025-02-15T13:53:01 IST" skipped="0">
  <testcase classname="TestCase1.Ecommerce" name="dws" time="5.722"/>
  <testcase classname="TestCase1.Ecommerce" name="flipkart" time="3.891"/>
  <testcase classname="TestCase1.Ecommerce" name="amazon" time="4.027"/>
</testsuite> <!-- TestCase1.Ecommerce -->
