<?xml version="1.0" encoding="UTF-8"?>
<!-- Generated by org.testng.reporters.JUnitReportReporter -->
<testsuite hostname="DESKTOP-CAHMHLK" failures="0" tests="3" name="DataDrivenTesting.UsingDataProviderWithDDT" time="48.925" errors="0" timestamp="2025-02-06T13:19:28 IST" skipped="0">
  <testcase classname="DataDrivenTesting.UsingDataProviderWithDDT" name="reciever" time="15.707">
    <system-out>
      <![CDATA[iam an reciever for Login]]>
    </system-out>
  </testcase> <!-- reciever -->
  <testcase classname="DataDrivenTesting.UsingDataProviderWithDDT" name="reciever" time="16.710">
    <system-out>
      <![CDATA[iam an reciever for Login]]>
    </system-out>
  </testcase> <!-- reciever -->
  <testcase classname="DataDrivenTesting.UsingDataProviderWithDDT" name="reciever" time="16.508">
    <system-out>
      <![CDATA[iam an reciever for Login]]>
    </system-out>
  </testcase> <!-- reciever -->
  <system-out>
    <![CDATA[iam an Login dataProvider
iam an reciever for Login
iam an reciever for Login
iam an reciever for Login]]>
  </system-out>
</testsuite> <!-- DataDrivenTesting.UsingDataProviderWithDDT -->
