<?xml version="1.0" encoding="UTF-8"?>
<!-- Generated by org.testng.reporters.JUnitReportReporter -->
<testsuite hostname="DESKTOP-CAHMHLK" failures="0" tests="1" name="DataDrivenTesting.ReadFromXml" time="13.768" errors="0" timestamp="2025-02-05T12:58:36 IST" skipped="0">
  <testcase classname="DataDrivenTesting.ReadFromXml" name="main" time="13.768"/>
</testsuite> <!-- DataDrivenTesting.ReadFromXml -->
