<?xml version="1.0" encoding="UTF-8"?>
<!-- Generated by org.testng.reporters.JUnitReportReporter -->
<testsuite hostname="DESKTOP-CAHMHLK" failures="0" tests="1" name="PageObjectModel.Login" time="8.675" errors="0" timestamp="2025-02-18T14:06:38 IST" skipped="0">
  <testcase classname="PageObjectModel.Login" name="main" time="8.675"/>
</testsuite> <!-- PageObjectModel.Login -->
