<?xml version="1.0" encoding="UTF-8"?>
<!-- Generated by org.testng.reporters.JUnitReportReporter -->
<testsuite hostname="DESKTOP-CAHMHLK" failures="0" tests="1" name="TestCase1.RoyalChallengers" time="4.809" errors="0" timestamp="2025-02-15T13:53:01 IST" skipped="0">
  <testcase classname="TestCase1.RoyalChallengers" name="rcb" time="4.809"/>
</testsuite> <!-- TestCase1.RoyalChallengers -->
