<?xml version="1.0" encoding="UTF-8"?>
<!-- Generated by org.testng.reporters.JUnitReportReporter -->
<testsuite hostname="DESKTOP-CAHMHLK" failures="0" tests="3" name="ExtentReportMethod.UsingListeners" time="13.114" errors="1" timestamp="2025-02-15T14:10:41 IST" skipped="1">
  <testcase classname="ExtentReportMethod.UsingListeners" name="main3" time="6.062">
    <skipped/>
  </testcase> <!-- main3 -->
  <testcase classname="ExtentReportMethod.UsingListeners" name="main1" time="6.026">
    <system-out>
      <![CDATA[main1]]>
    </system-out>
  </testcase> <!-- main1 -->
  <testcase classname="ExtentReportMethod.UsingListeners" name="main2" time="1.026">
    <error message="Method ExtentReportMethod.UsingListeners.main2() didn&#039;t finish within the time-out 1000" type="org.testng.internal.thread.ThreadTimeoutException">
      <![CDATA[org.testng.internal.thread.ThreadTimeoutException: Method ExtentReportMethod.UsingListeners.main2() didn't finish within the time-out 1000
at java.base@17.0.13/java.lang.Thread.sleep(Native Method)
at app//ExtentReportMethod.UsingListeners.main2(UsingListeners.java:17)
at java.base@17.0.13/jdk.internal.reflect.NativeMethodAccessorImpl.invoke0(Native Method)
at java.base@17.0.13/jdk.internal.reflect.NativeMethodAccessorImpl.invoke(NativeMethodAccessorImpl.java:77)
at java.base@17.0.13/jdk.internal.reflect.DelegatingMethodAccessorImpl.invoke(DelegatingMethodAccessorImpl.java:43)
at java.base@17.0.13/java.lang.reflect.Method.invoke(Method.java:569)
at app//org.testng.internal.invokers.MethodInvocationHelper.invokeMethod(MethodInvocationHelper.java:141)
at app//org.testng.internal.invokers.InvokeMethodRunnable.runOne(InvokeMethodRunnable.java:47)
at app//org.testng.internal.invokers.InvokeMethodRunnable.call(InvokeMethodRunnable.java:76)
at app//org.testng.internal.invokers.InvokeMethodRunnable.call(InvokeMethodRunnable.java:11)
at java.base@17.0.13/java.util.concurrent.FutureTask.run(FutureTask.java:264)
at java.base@17.0.13/java.util.concurrent.ThreadPoolExecutor.runWorker(ThreadPoolExecutor.java:1136)
at java.base@17.0.13/java.util.concurrent.ThreadPoolExecutor$Worker.run(ThreadPoolExecutor.java:635)
at java.base@17.0.13/java.lang.Thread.run(Thread.java:840)
]]>
    </error>
    <system-out>
      <![CDATA[main2]]>
    </system-out>
  </testcase> <!-- main2 -->
  <system-out>
    <![CDATA[main2
main1]]>
  </system-out>
</testsuite> <!-- ExtentReportMethod.UsingListeners -->
