<?xml version="1.0" encoding="UTF-8"?>
<!-- Generated by org.testng.reporters.JUnitReportReporter -->
<testsuite hostname="DESKTOP-CAHMHLK" failures="0" tests="1" name="TestCase2.Honda" time="4.646" errors="0" timestamp="2025-02-15T13:53:01 IST" skipped="0">
  <testcase classname="TestCase2.Honda" name="honda" time="4.646"/>
</testsuite> <!-- TestCase2.Honda -->
