<?xml version="1.0" encoding="UTF-8"?>
<!-- Generated by org.testng.reporters.JUnitReportReporter -->
<testsuite hostname="DESKTOP-CAHMHLK" failures="0" tests="1" name="ExtentReportMethod.SampleReport" time="0.350" errors="0" timestamp="2025-02-14T12:51:21 IST" skipped="0">
  <testcase classname="ExtentReportMethod.SampleReport" name="reports" time="0.350"/>
</testsuite> <!-- ExtentReportMethod.SampleReport -->
