<?xml version="1.0" encoding="UTF-8"?>
<!-- Generated by org.testng.reporters.JUnitReportReporter -->
<testsuite hostname="DESKTOP-CAHMHLK" failures="0" tests="1" name="TestCase1.ChennaiSuperKings" time="8.844" errors="0" timestamp="2025-02-15T13:53:01 IST" skipped="0">
  <testcase classname="TestCase1.ChennaiSuperKings" name="csk" time="8.844"/>
</testsuite> <!-- TestCase1.ChennaiSuperKings -->
