<?xml version="1.0" encoding="UTF-8"?>
<!-- Generated by org.testng.reporters.JUnitReportReporter -->
<testsuite hostname="DESKTOP-CAHMHLK" failures="0" tests="1" name="TestCase1.DemoWebShop" time="7.396" errors="0" timestamp="2025-02-04T12:55:02 IST" skipped="0">
  <testcase classname="TestCase1.DemoWebShop" name="dws" time="7.396"/>
</testsuite> <!-- TestCase1.DemoWebShop -->
