<?xml version="1.0" encoding="UTF-8"?>
<!-- Generated by org.testng.reporters.JUnitReportReporter -->
<testsuite hostname="DESKTOP-CAHMHLK" failures="0" tests="2" name="DataDrivenTesting.UsingDataProvider" time="32.651" errors="0" timestamp="2025-02-05T13:39:33 IST" skipped="0">
  <testcase classname="DataDrivenTesting.UsingDataProvider" name="reciever" time="15.777"/>
  <testcase classname="DataDrivenTesting.UsingDataProvider" name="reciever" time="16.874"/>
</testsuite> <!-- DataDrivenTesting.UsingDataProvider -->
