<?xml version="1.0" encoding="UTF-8"?>
<!-- Generated by org.testng.reporters.JUnitReportReporter -->
<testsuite hostname="DESKTOP-CAHMHLK" failures="0" tests="1" name="Basic.Launch" time="4.585" errors="0" timestamp="2025-02-04T12:39:33 IST" skipped="0">
  <testcase classname="Basic.Launch" name="main" time="4.585"/>
</testsuite> <!-- Basic.Launch -->
